2026-05-14 11:13:36,740 - INFO - === Initializing Compliance Monitoring Engine ===
2026-05-14 11:13:36,740 - INFO - Fetching transaction data from database...
2026-05-14 11:13:38,063 - INFO - Loaded 117,607 transactions.
2026-05-14 11:13:38,064 - INFO - Applying Rule 001: High Value Transactions...
2026-05-14 11:13:38,463 - INFO - Applying Rule 002: Rapid Transfer Velocity...
2026-05-14 11:13:45,659 - INFO - Applying Rule 003: High-Risk Jurisdictions...
2026-05-14 11:13:45,682 - INFO - Applying Rule 004: Sudden Activity on Inactive Accounts...
2026-05-14 11:13:45,838 - INFO - Applying Rule 005: Excessive Failure Bursts...
2026-05-14 11:13:46,130 - INFO - Saving 13,460 detected alerts to 'compliance_flags' table...
2026-05-14 11:13:46,327 - ERROR - Failed to save flags: (psycopg2.errors.StringDataRightTruncation) el valor es demasiado largo para el tipo character varying(20)

[SQL: INSERT INTO compliance_flags (flag_id, transaction_id, account_id, rule_id, flag_reason, risk_level, risk_score, customer_segment, status, analyst_assigned, amount, destination_country, flagged_at, resolved_at, notes) VALUES (%(flag_id__0)s, %(transa ... 323223 characters truncated ... unt__999)s, %(destination_country__999)s, %(flagged_at__999)s, %(resolved_at__999)s, %(notes__999)s)]
[parameters: {'account_id__0': 'ACC000002331', 'risk_level__0': 'Medium', 'flag_reason__0': 'Transaction amount exceeds $10,000 threshold.', 'transaction_id__0': 'TX00000076975', 'rule_id__0': 'RULE_001', 'amount__0': 402336.84, 'flagged_at__0': datetime.datetime(2024, 1, 3, 8, 7, 41), 'flag_id__0': 'FLG-TX00000076975-RULE_001', 'notes__0': 'System generated alert based on rule RULE_001.', 'destination_country__0': 'North Korea', 'status__0': 'Pending Review', 'resolved_at__0': None, 'analyst_assigned__0': 'System Engine', 'risk_score__0': 65, 'customer_segment__0': 'Retail', 'account_id__1': 'ACC000002375', 'risk_level__1': 'Medium', 'flag_reason__1': 'Transaction amount exceeds $10,000 threshold.', 'transaction_id__1': 'TX00000094837', 'rule_id__1': 'RULE_001', 'amount__1': 899104.27, 'flagged_at__1': datetime.datetime(2024, 1, 5, 18, 38, 48), 'flag_id__1': 'FLG-TX00000094837-RULE_001', 'notes__1': 'System generated alert based on rule RULE_001.', 'destination_country__1': 'USA', 'status__1': 'Pending Review', 'resolved_at__1': None, 'analyst_assigned__1': 'System Engine', 'risk_score__1': 65, 'customer_segment__1': 'Premium', 'account_id__2': 'ACC000000925', 'risk_level__2': 'Medium', 'flag_reason__2': 'Transaction amount exceeds $10,000 threshold.', 'transaction_id__2': 'TX00000116934', 'rule_id__2': 'RULE_001', 'amount__2': 12274.45, 'flagged_at__2': datetime.datetime(2024, 1, 7, 21, 39, 21), 'flag_id__2': 'FLG-TX00000116934-RULE_001', 'notes__2': 'System generated alert based on rule RULE_001.', 'destination_country__2': 'USA', 'status__2': 'Pending Review', 'resolved_at__2': None, 'analyst_assigned__2': 'System Engine', 'risk_score__2': 65, 'customer_segment__2': 'Premium', 'account_id__3': 'ACC000000009', 'risk_level__3': 'Medium', 'flag_reason__3': 'Transaction amount exceeds $10,000 threshold.', 'transaction_id__3': 'TX00000040863', 'rule_id__3': 'RULE_001' ... 14900 parameters truncated ... 'status__996': 'Pending Review', 'resolved_at__996': None, 'analyst_assigned__996': 'System Engine', 'risk_score__996': 65, 'customer_segment__996': 'Retail', 'account_id__997': 'ACC000001208', 'risk_level__997': 'Medium', 'flag_reason__997': 'Transaction amount exceeds $10,000 threshold.', 'transaction_id__997': 'TX00000054703', 'rule_id__997': 'RULE_001', 'amount__997': 13808.94, 'flagged_at__997': datetime.datetime(2025, 4, 18, 6, 25, 58), 'flag_id__997': 'FLG-TX00000054703-RULE_001', 'notes__997': 'System generated alert based on rule RULE_001.', 'destination_country__997': 'USA', 'status__997': 'Pending Review', 'resolved_at__997': None, 'analyst_assigned__997': 'System Engine', 'risk_score__997': 65, 'customer_segment__997': 'Business', 'account_id__998': 'ACC000000275', 'risk_level__998': 'Medium', 'flag_reason__998': 'Transaction amount exceeds $10,000 threshold.', 'transaction_id__998': 'TX00000053354', 'rule_id__998': 'RULE_001', 'amount__998': 125831.31, 'flagged_at__998': datetime.datetime(2025, 4, 18, 9, 2, 8), 'flag_id__998': 'FLG-TX00000053354-RULE_001', 'notes__998': 'System generated alert based on rule RULE_001.', 'destination_country__998': 'Libya', 'status__998': 'Pending Review', 'resolved_at__998': None, 'analyst_assigned__998': 'System Engine', 'risk_score__998': 65, 'customer_segment__998': 'Retail', 'account_id__999': 'ACC000001589', 'risk_level__999': 'Medium', 'flag_reason__999': 'Transaction amount exceeds $10,000 threshold.', 'transaction_id__999': 'TX00000054380', 'rule_id__999': 'RULE_001', 'amount__999': 50992.18, 'flagged_at__999': datetime.datetime(2025, 4, 18, 9, 11, 31), 'flag_id__999': 'FLG-TX00000054380-RULE_001', 'notes__999': 'System generated alert based on rule RULE_001.', 'destination_country__999': 'USA', 'status__999': 'Pending Review', 'resolved_at__999': None, 'analyst_assigned__999': 'System Engine', 'risk_score__999': 65, 'customer_segment__999': 'Retail'}]
(Background on this error at: https://sqlalche.me/e/20/9h9h)
2026-05-14 11:13:46,328 - INFO - === Monitoring Session Complete ===
2026-05-14 11:15:08,388 - INFO - === Initializing Compliance Monitoring Engine ===
2026-05-14 11:15:08,389 - INFO - Fetching transaction data from database...
2026-05-14 11:15:09,498 - INFO - Loaded 117,607 transactions.
2026-05-14 11:15:09,498 - INFO - Applying Rule 001: High Value Transactions...
2026-05-14 11:15:09,885 - INFO - Applying Rule 002: Rapid Transfer Velocity...
2026-05-14 11:15:16,926 - INFO - Applying Rule 003: High-Risk Jurisdictions...
2026-05-14 11:15:16,940 - INFO - Applying Rule 004: Sudden Activity on Inactive Accounts...
2026-05-14 11:15:17,077 - INFO - Applying Rule 005: Excessive Failure Bursts...
2026-05-14 11:15:17,357 - INFO - Saving 13,460 detected alerts to 'compliance_flags' table...
2026-05-14 11:15:18,642 - INFO - === Monitoring Session Complete ===
