2026-05-13 12:56:28,281 - INFO - Starting ETL process...
2026-05-13 12:56:28,388 - INFO - Successfully connected to PostgreSQL at localhost/banking-platform
2026-05-13 12:56:28,389 - INFO - Clearing existing data (cascading)...
2026-05-13 12:56:28,438 - INFO - Successfully read branches.csv (20 rows)
2026-05-13 12:56:28,503 - ERROR - Database error while loading table 'branches': (psycopg2.errors.UndefinedColumn) no existe la columna «phone» en la relación «branches»
LINE 1: ...s (branch_id, branch_name, city, state, zip_code, phone, bra...
                                                             ^

[SQL: INSERT INTO branches (branch_id, branch_name, city, state, zip_code, phone, branch_type, opened_date, is_active) VALUES (%(branch_id__0)s, %(branch_name__0)s, %(city__0)s, %(state__0)s, %(zip_code__0)s, %(phone__0)s, %(branch_type__0)s, %(opened_date ... 2978 characters truncated ... _19)s, %(zip_code__19)s, %(phone__19)s, %(branch_type__19)s, %(opened_date__19)s, %(is_active__19)s)]
[parameters: {'opened_date__0': '2023-07-17', 'state__0': 'IN', 'branch_type__0': 'Retail', 'city__0': 'North Judithbury', 'phone__0': '001-218-519-6001x3389', 'zip_code__0': 18790, 'branch_id__0': 'BR001', 'is_active__0': True, 'branch_name__0': 'North Judithbury Central Branch', 'opened_date__1': '2023-10-10', 'state__1': 'KY', 'branch_type__1': 'Corporate', 'city__1': 'Robinsonshire', 'phone__1': '001-626-254-2351x16155', 'zip_code__1': 1352, 'branch_id__1': 'BR002', 'is_active__1': True, 'branch_name__1': 'Robinsonshire South Branch', 'opened_date__2': '2022-03-05', 'state__2': 'CO', 'branch_type__2': 'Retail', 'city__2': 'Herrerafurt', 'phone__2': '695-993-1034x1316', 'zip_code__2': 72858, 'branch_id__2': 'BR003', 'is_active__2': True, 'branch_name__2': 'Herrerafurt Central Branch', 'opened_date__3': '2015-04-04', 'state__3': 'IL', 'branch_type__3': 'Retail', 'city__3': 'Franciscostad', 'phone__3': '719-228-3276x483', 'zip_code__3': 88342, 'branch_id__3': 'BR004', 'is_active__3': True, 'branch_name__3': 'Franciscostad West Branch', 'opened_date__4': '2024-01-25', 'state__4': 'CA', 'branch_type__4': 'Retail', 'city__4': 'Port Leslieview', 'phone__4': '001-553-676-7242', 'zip_code__4': 28154, 'branch_id__4': 'BR005', 'is_active__4': True, 'branch_name__4': 'Port Leslieview Main Branch', 'opened_date__5': '2017-11-07', 'state__5': 'MN', 'branch_type__5': 'Community', 'city__5': 'Hurstfurt', 'phone__5': '(387)810-1226' ... 80 parameters truncated ... 'phone__14': '312.819.1361x93990', 'zip_code__14': 7956, 'branch_id__14': 'BR015', 'is_active__14': True, 'branch_name__14': 'New Thomashaven Central Branch', 'opened_date__15': '2019-12-19', 'state__15': 'TN', 'branch_type__15': 'Retail', 'city__15': 'Sarahborough', 'phone__15': '334-562-4751x07991', 'zip_code__15': 94373, 'branch_id__15': 'BR016', 'is_active__15': True, 'branch_name__15': 'Sarahborough East Branch', 'opened_date__16': '2022-08-24', 'state__16': 'FM', 'branch_type__16': 'Community', 'city__16': 'Davidstad', 'phone__16': '254.627.8498', 'zip_code__16': 9517, 'branch_id__16': 'BR017', 'is_active__16': True, 'branch_name__16': 'Davidstad Central Branch', 'opened_date__17': '2012-03-22', 'state__17': 'WA', 'branch_type__17': 'Community', 'city__17': 'East Josephville', 'phone__17': '(944)693-5348', 'zip_code__17': 73013, 'branch_id__17': 'BR018', 'is_active__17': True, 'branch_name__17': 'East Josephville South Branch', 'opened_date__18': '2018-09-02', 'state__18': 'AZ', 'branch_type__18': 'Retail', 'city__18': 'Lake Rodneyview', 'phone__18': '724-427-8680x11280', 'zip_code__18': 965, 'branch_id__18': 'BR019', 'is_active__18': True, 'branch_name__18': 'Lake Rodneyview Main Branch', 'opened_date__19': '2014-05-30', 'state__19': 'MH', 'branch_type__19': 'Retail', 'city__19': 'North Kyle', 'phone__19': '(833)215-8692x322', 'zip_code__19': 5730, 'branch_id__19': 'BR020', 'is_active__19': True, 'branch_name__19': 'North Kyle South Branch'}]
(Background on this error at: https://sqlalche.me/e/20/f405)
2026-05-13 12:56:28,504 - CRITICAL - ETL process failed: (psycopg2.errors.UndefinedColumn) no existe la columna «phone» en la relación «branches»
LINE 1: ...s (branch_id, branch_name, city, state, zip_code, phone, bra...
                                                             ^

[SQL: INSERT INTO branches (branch_id, branch_name, city, state, zip_code, phone, branch_type, opened_date, is_active) VALUES (%(branch_id__0)s, %(branch_name__0)s, %(city__0)s, %(state__0)s, %(zip_code__0)s, %(phone__0)s, %(branch_type__0)s, %(opened_date ... 2978 characters truncated ... _19)s, %(zip_code__19)s, %(phone__19)s, %(branch_type__19)s, %(opened_date__19)s, %(is_active__19)s)]
[parameters: {'opened_date__0': '2023-07-17', 'state__0': 'IN', 'branch_type__0': 'Retail', 'city__0': 'North Judithbury', 'phone__0': '001-218-519-6001x3389', 'zip_code__0': 18790, 'branch_id__0': 'BR001', 'is_active__0': True, 'branch_name__0': 'North Judithbury Central Branch', 'opened_date__1': '2023-10-10', 'state__1': 'KY', 'branch_type__1': 'Corporate', 'city__1': 'Robinsonshire', 'phone__1': '001-626-254-2351x16155', 'zip_code__1': 1352, 'branch_id__1': 'BR002', 'is_active__1': True, 'branch_name__1': 'Robinsonshire South Branch', 'opened_date__2': '2022-03-05', 'state__2': 'CO', 'branch_type__2': 'Retail', 'city__2': 'Herrerafurt', 'phone__2': '695-993-1034x1316', 'zip_code__2': 72858, 'branch_id__2': 'BR003', 'is_active__2': True, 'branch_name__2': 'Herrerafurt Central Branch', 'opened_date__3': '2015-04-04', 'state__3': 'IL', 'branch_type__3': 'Retail', 'city__3': 'Franciscostad', 'phone__3': '719-228-3276x483', 'zip_code__3': 88342, 'branch_id__3': 'BR004', 'is_active__3': True, 'branch_name__3': 'Franciscostad West Branch', 'opened_date__4': '2024-01-25', 'state__4': 'CA', 'branch_type__4': 'Retail', 'city__4': 'Port Leslieview', 'phone__4': '001-553-676-7242', 'zip_code__4': 28154, 'branch_id__4': 'BR005', 'is_active__4': True, 'branch_name__4': 'Port Leslieview Main Branch', 'opened_date__5': '2017-11-07', 'state__5': 'MN', 'branch_type__5': 'Community', 'city__5': 'Hurstfurt', 'phone__5': '(387)810-1226' ... 80 parameters truncated ... 'phone__14': '312.819.1361x93990', 'zip_code__14': 7956, 'branch_id__14': 'BR015', 'is_active__14': True, 'branch_name__14': 'New Thomashaven Central Branch', 'opened_date__15': '2019-12-19', 'state__15': 'TN', 'branch_type__15': 'Retail', 'city__15': 'Sarahborough', 'phone__15': '334-562-4751x07991', 'zip_code__15': 94373, 'branch_id__15': 'BR016', 'is_active__15': True, 'branch_name__15': 'Sarahborough East Branch', 'opened_date__16': '2022-08-24', 'state__16': 'FM', 'branch_type__16': 'Community', 'city__16': 'Davidstad', 'phone__16': '254.627.8498', 'zip_code__16': 9517, 'branch_id__16': 'BR017', 'is_active__16': True, 'branch_name__16': 'Davidstad Central Branch', 'opened_date__17': '2012-03-22', 'state__17': 'WA', 'branch_type__17': 'Community', 'city__17': 'East Josephville', 'phone__17': '(944)693-5348', 'zip_code__17': 73013, 'branch_id__17': 'BR018', 'is_active__17': True, 'branch_name__17': 'East Josephville South Branch', 'opened_date__18': '2018-09-02', 'state__18': 'AZ', 'branch_type__18': 'Retail', 'city__18': 'Lake Rodneyview', 'phone__18': '724-427-8680x11280', 'zip_code__18': 965, 'branch_id__18': 'BR019', 'is_active__18': True, 'branch_name__18': 'Lake Rodneyview Main Branch', 'opened_date__19': '2014-05-30', 'state__19': 'MH', 'branch_type__19': 'Retail', 'city__19': 'North Kyle', 'phone__19': '(833)215-8692x322', 'zip_code__19': 5730, 'branch_id__19': 'BR020', 'is_active__19': True, 'branch_name__19': 'North Kyle South Branch'}]
(Background on this error at: https://sqlalche.me/e/20/f405)
2026-05-13 12:56:28,505 - INFO - Database connection closed.
2026-05-13 12:57:26,062 - INFO - Starting ETL process...
2026-05-13 12:57:26,153 - INFO - Successfully connected to PostgreSQL at localhost/banking-platform
2026-05-13 12:57:26,154 - INFO - Clearing existing data (cascading)...
2026-05-13 12:57:26,189 - INFO - Successfully read branches.csv (20 rows)
2026-05-13 12:57:26,208 - INFO - Successfully loaded 20 rows into table 'branches'
2026-05-13 12:57:26,223 - INFO - Successfully read customers.csv (2,000 rows)
2026-05-13 12:57:26,386 - INFO - Successfully loaded 2,000 rows into table 'customers'
2026-05-13 12:57:26,398 - INFO - Successfully read accounts.csv (3,000 rows)
2026-05-13 12:57:26,618 - INFO - Successfully loaded 3,000 rows into table 'accounts'
2026-05-13 12:57:27,078 - INFO - Successfully read transactions.csv (117,607 rows)
2026-05-13 12:57:29,083 - ERROR - Database error while loading table 'transactions': (psycopg2.errors.UniqueViolation) llave duplicada viola restricción de unicidad «transactions_reference_number_key»
DETAIL:  Ya existe la llave (reference_number)=(REF-73227478).

[SQL: INSERT INTO transactions (transaction_id, account_id, transaction_type, transaction_date, transaction_time, transaction_timestamp, amount, currency, direction, payment_method, channel, merchant_name, merchant_category, counterparty_account, destinati ... 534598 characters truncated ... tus__999)s, %(failure_reason__999)s, %(reference_number__999)s, %(is_flagged__999)s, %(notes__999)s)]
[parameters: {'destination_country__0': 'USA', 'counterparty_account__0': 'ACC000002155', 'customer_segment__0': 'Business', 'failure_reason__0': None, 'transaction_date__0': datetime.date(2025, 6, 29), 'merchant_name__0': None, 'currency__0': 'USD', 'transaction_time__0': '20:18:20', 'amount__0': 6012.65, 'reference_number__0': 'REF-83863961', 'payment_method__0': 'ACH', 'direction__0': 'Debit', 'transaction_id__0': 'TX00000029801', 'merchant_category__0': None, 'transaction_timestamp__0': datetime.datetime(2025, 6, 29, 20, 18, 20), 'is_flagged__0': False, 'transaction_type__0': 'Transfer', 'status__0': 'Completed', 'notes__0': None, 'channel__0': 'Online Banking', 'account_id__0': 'ACC000002922', 'account_status_at_tx__0': 'Active', 'destination_country__1': 'USA', 'counterparty_account__1': None, 'customer_segment__1': 'Premium', 'failure_reason__1': 'Insufficient Funds', 'transaction_date__1': datetime.date(2025, 6, 29), 'merchant_name__1': None, 'currency__1': 'USD', 'transaction_time__1': '20:18:52', 'amount__1': 96.42, 'reference_number__1': 'REF-32955455', 'payment_method__1': 'ACH', 'direction__1': 'Debit', 'transaction_id__1': 'TX00000015408', 'merchant_category__1': None, 'transaction_timestamp__1': datetime.datetime(2025, 6, 29, 20, 18, 52), 'is_flagged__1': False, 'transaction_type__1': 'Failed Payment', 'status__1': 'Failed', 'notes__1': None, 'channel__1': 'Mobile App', 'account_id__1': 'ACC000001582', 'account_status_at_tx__1': 'Active', 'destination_country__2': 'USA', 'counterparty_account__2': 'ACC000000356', 'customer_segment__2': None, 'failure_reason__2': None, 'transaction_date__2': datetime.date(2025, 6, 29), 'merchant_name__2': None ... 21900 parameters truncated ... 'transaction_type__997': 'Rapid Transfer Burst', 'status__997': 'Completed', 'notes__997': 'Rapid transfer burst — 8 transfers within 90 minutes.', 'channel__997': 'Online Banking', 'account_id__997': 'ACC000001665', 'account_status_at_tx__997': None, 'destination_country__998': 'USA', 'counterparty_account__998': 'ACC000002126', 'customer_segment__998': None, 'failure_reason__998': None, 'transaction_date__998': datetime.date(2025, 7, 12), 'merchant_name__998': None, 'currency__998': 'USD', 'transaction_time__998': '10:38:00', 'amount__998': 3143.9, 'reference_number__998': 'REF-00488198', 'payment_method__998': 'Wire Transfer', 'direction__998': 'Debit', 'transaction_id__998': 'TX00000021810', 'merchant_category__998': 'Financial Services', 'transaction_timestamp__998': datetime.datetime(2025, 7, 12, 10, 38), 'is_flagged__998': True, 'transaction_type__998': 'Rapid Transfer Burst', 'status__998': 'Completed', 'notes__998': 'Rapid transfer burst — 6 transfers within 90 minutes.', 'channel__998': 'Online Banking', 'account_id__998': 'ACC000001381', 'account_status_at_tx__998': None, 'destination_country__999': 'USA', 'counterparty_account__999': 'ACC000001936', 'customer_segment__999': None, 'failure_reason__999': None, 'transaction_date__999': datetime.date(2025, 7, 12), 'merchant_name__999': None, 'currency__999': 'USD', 'transaction_time__999': '10:39:12', 'amount__999': 3748.87, 'reference_number__999': 'REF-64802608', 'payment_method__999': 'ACH', 'direction__999': 'Debit', 'transaction_id__999': 'TX00000096017', 'merchant_category__999': 'Financial Services', 'transaction_timestamp__999': datetime.datetime(2025, 7, 12, 10, 39, 12), 'is_flagged__999': True, 'transaction_type__999': 'Rapid Transfer Burst', 'status__999': 'Completed', 'notes__999': 'Rapid transfer burst — 8 transfers within 90 minutes.', 'channel__999': 'Online Banking', 'account_id__999': 'ACC000001665', 'account_status_at_tx__999': None}]
(Background on this error at: https://sqlalche.me/e/20/gkpj)
2026-05-13 12:57:29,088 - CRITICAL - ETL process failed: (psycopg2.errors.UniqueViolation) llave duplicada viola restricción de unicidad «transactions_reference_number_key»
DETAIL:  Ya existe la llave (reference_number)=(REF-73227478).

[SQL: INSERT INTO transactions (transaction_id, account_id, transaction_type, transaction_date, transaction_time, transaction_timestamp, amount, currency, direction, payment_method, channel, merchant_name, merchant_category, counterparty_account, destinati ... 534598 characters truncated ... tus__999)s, %(failure_reason__999)s, %(reference_number__999)s, %(is_flagged__999)s, %(notes__999)s)]
[parameters: {'destination_country__0': 'USA', 'counterparty_account__0': 'ACC000002155', 'customer_segment__0': 'Business', 'failure_reason__0': None, 'transaction_date__0': datetime.date(2025, 6, 29), 'merchant_name__0': None, 'currency__0': 'USD', 'transaction_time__0': '20:18:20', 'amount__0': 6012.65, 'reference_number__0': 'REF-83863961', 'payment_method__0': 'ACH', 'direction__0': 'Debit', 'transaction_id__0': 'TX00000029801', 'merchant_category__0': None, 'transaction_timestamp__0': datetime.datetime(2025, 6, 29, 20, 18, 20), 'is_flagged__0': False, 'transaction_type__0': 'Transfer', 'status__0': 'Completed', 'notes__0': None, 'channel__0': 'Online Banking', 'account_id__0': 'ACC000002922', 'account_status_at_tx__0': 'Active', 'destination_country__1': 'USA', 'counterparty_account__1': None, 'customer_segment__1': 'Premium', 'failure_reason__1': 'Insufficient Funds', 'transaction_date__1': datetime.date(2025, 6, 29), 'merchant_name__1': None, 'currency__1': 'USD', 'transaction_time__1': '20:18:52', 'amount__1': 96.42, 'reference_number__1': 'REF-32955455', 'payment_method__1': 'ACH', 'direction__1': 'Debit', 'transaction_id__1': 'TX00000015408', 'merchant_category__1': None, 'transaction_timestamp__1': datetime.datetime(2025, 6, 29, 20, 18, 52), 'is_flagged__1': False, 'transaction_type__1': 'Failed Payment', 'status__1': 'Failed', 'notes__1': None, 'channel__1': 'Mobile App', 'account_id__1': 'ACC000001582', 'account_status_at_tx__1': 'Active', 'destination_country__2': 'USA', 'counterparty_account__2': 'ACC000000356', 'customer_segment__2': None, 'failure_reason__2': None, 'transaction_date__2': datetime.date(2025, 6, 29), 'merchant_name__2': None ... 21900 parameters truncated ... 'transaction_type__997': 'Rapid Transfer Burst', 'status__997': 'Completed', 'notes__997': 'Rapid transfer burst — 8 transfers within 90 minutes.', 'channel__997': 'Online Banking', 'account_id__997': 'ACC000001665', 'account_status_at_tx__997': None, 'destination_country__998': 'USA', 'counterparty_account__998': 'ACC000002126', 'customer_segment__998': None, 'failure_reason__998': None, 'transaction_date__998': datetime.date(2025, 7, 12), 'merchant_name__998': None, 'currency__998': 'USD', 'transaction_time__998': '10:38:00', 'amount__998': 3143.9, 'reference_number__998': 'REF-00488198', 'payment_method__998': 'Wire Transfer', 'direction__998': 'Debit', 'transaction_id__998': 'TX00000021810', 'merchant_category__998': 'Financial Services', 'transaction_timestamp__998': datetime.datetime(2025, 7, 12, 10, 38), 'is_flagged__998': True, 'transaction_type__998': 'Rapid Transfer Burst', 'status__998': 'Completed', 'notes__998': 'Rapid transfer burst — 6 transfers within 90 minutes.', 'channel__998': 'Online Banking', 'account_id__998': 'ACC000001381', 'account_status_at_tx__998': None, 'destination_country__999': 'USA', 'counterparty_account__999': 'ACC000001936', 'customer_segment__999': None, 'failure_reason__999': None, 'transaction_date__999': datetime.date(2025, 7, 12), 'merchant_name__999': None, 'currency__999': 'USD', 'transaction_time__999': '10:39:12', 'amount__999': 3748.87, 'reference_number__999': 'REF-64802608', 'payment_method__999': 'ACH', 'direction__999': 'Debit', 'transaction_id__999': 'TX00000096017', 'merchant_category__999': 'Financial Services', 'transaction_timestamp__999': datetime.datetime(2025, 7, 12, 10, 39, 12), 'is_flagged__999': True, 'transaction_type__999': 'Rapid Transfer Burst', 'status__999': 'Completed', 'notes__999': 'Rapid transfer burst — 8 transfers within 90 minutes.', 'channel__999': 'Online Banking', 'account_id__999': 'ACC000001665', 'account_status_at_tx__999': None}]
(Background on this error at: https://sqlalche.me/e/20/gkpj)
2026-05-13 12:57:29,088 - INFO - Database connection closed.
2026-05-13 12:57:42,623 - INFO - Starting ETL process...
2026-05-13 12:57:42,710 - INFO - Successfully connected to PostgreSQL at localhost/banking-platform
2026-05-13 12:57:42,710 - INFO - Clearing existing data (cascading)...
2026-05-13 12:57:42,744 - INFO - Successfully read branches.csv (20 rows)
2026-05-13 12:57:42,759 - INFO - Successfully loaded 20 rows into table 'branches'
2026-05-13 12:57:42,775 - INFO - Successfully read customers.csv (2,000 rows)
2026-05-13 12:57:42,925 - INFO - Successfully loaded 2,000 rows into table 'customers'
2026-05-13 12:57:42,938 - INFO - Successfully read accounts.csv (3,000 rows)
2026-05-13 12:57:43,148 - INFO - Successfully loaded 3,000 rows into table 'accounts'
2026-05-13 12:57:43,561 - INFO - Successfully read transactions.csv (117,607 rows)
2026-05-13 12:57:56,558 - INFO - Successfully loaded 117,607 rows into table 'transactions'
2026-05-13 12:57:56,768 - INFO - Successfully read compliance_flags.csv (51,892 rows)
2026-05-13 12:58:01,360 - INFO - Successfully loaded 51,892 rows into table 'compliance_flags'
2026-05-13 12:58:01,368 - INFO - Database connection closed.
2026-05-14 11:14:48,257 - INFO - Starting ETL process...
2026-05-14 11:14:48,333 - INFO - Successfully connected to PostgreSQL at localhost/banking-platform
2026-05-14 11:14:48,339 - INFO - Clearing existing data (cascading)...
2026-05-14 11:14:48,371 - INFO - Successfully read branches.csv (20 rows)
2026-05-14 11:14:48,383 - INFO - Successfully loaded 20 rows into table 'branches'
2026-05-14 11:14:48,398 - INFO - Successfully read customers.csv (2,000 rows)
2026-05-14 11:14:48,559 - INFO - Successfully loaded 2,000 rows into table 'customers'
2026-05-14 11:14:48,573 - INFO - Successfully read accounts.csv (3,000 rows)
2026-05-14 11:14:48,785 - INFO - Successfully loaded 3,000 rows into table 'accounts'
2026-05-14 11:14:49,157 - INFO - Successfully read transactions.csv (117,607 rows)
2026-05-14 11:15:01,712 - INFO - Successfully loaded 117,607 rows into table 'transactions'
2026-05-14 11:15:01,930 - INFO - Successfully read compliance_flags.csv (51,892 rows)
2026-05-14 11:15:06,310 - INFO - Successfully loaded 51,892 rows into table 'compliance_flags'
2026-05-14 11:15:06,324 - INFO - Database connection closed.
